<?xml version="1.0" encoding="UTF-8"?>
<!-- Generated by org.testng.reporters.JUnitReportReporter -->
<testsuite hostname="LAPTOP-Q535I993" failures="0" tests="2" name="MavenDemo.Payment" time="0.009" errors="0" timestamp="2023-08-09T17:53:24 IST" skipped="0">
  <testcase classname="MavenDemo.Payment" name="verifyPayment" time="0.001"/>
  <testcase classname="MavenDemo.Payment" name="verifyPayment" time="0.008"/>
</testsuite> <!-- MavenDemo.Payment -->
