<?xml version="1.0" encoding="UTF-8"?>
<!-- Generated by org.testng.reporters.JUnitReportReporter -->
<testsuite hostname="LAPTOP-Q535I993" failures="0" tests="2" name="MavenDemo.Shipping" time="0.008" errors="0" timestamp="2023-08-09T17:56:17 IST" skipped="0">
  <testcase classname="MavenDemo.Shipping" name="verifyPayment" time="0.001"/>
  <testcase classname="MavenDemo.Shipping" name="verifyPayment" time="0.007"/>
</testsuite> <!-- MavenDemo.Shipping -->
