<?xml version="1.0" encoding="UTF-8"?>
<!-- Generated by org.testng.reporters.JUnitReportReporter -->
<testsuite hostname="LAPTOP-Q535I993" failures="0" tests="4" name="MavenDemo.TestNg1DataProvider" time="0.017" errors="0" timestamp="2023-08-08T22:10:44 IST" skipped="0">
  <testcase classname="MavenDemo.TestNg1DataProvider" name="validateLogin" time="0.001"/>
  <testcase classname="MavenDemo.TestNg1DataProvider" name="validateLogin" time="0.013"/>
  <testcase classname="MavenDemo.TestNg1DataProvider" name="validateLogin" time="0.001"/>
  <testcase classname="MavenDemo.TestNg1DataProvider" name="validateLogin" time="0.002"/>
</testsuite> <!-- MavenDemo.TestNg1DataProvider -->
