<?xml version="1.0" encoding="UTF-8"?>
<!-- Generated by org.testng.reporters.JUnitReportReporter -->
<testsuite hostname="LAPTOP-Q535I993" failures="0" tests="1" name="MavenDemo.FilteringElementsUsingSearch" time="20.963" errors="0" timestamp="2023-08-10T13:51:49 IST" skipped="0">
  <testcase classname="MavenDemo.FilteringElementsUsingSearch" name="VerifySortedElements" time="20.963"/>
</testsuite> <!-- MavenDemo.FilteringElementsUsingSearch -->
