<?xml version="1.0" encoding="UTF-8"?>
<!-- Generated by org.testng.reporters.JUnitReportReporter -->
<testsuite hostname="LAPTOP-Q535I993" failures="0" tests="1" name="MavenDemo.FindRoleUsingSortedWebTableElements" time="14.689" errors="0" timestamp="2023-08-11T12:17:44 IST" skipped="0">
  <testcase classname="MavenDemo.FindRoleUsingSortedWebTableElements" name="VerifySortedElements" time="14.689"/>
</testsuite> <!-- MavenDemo.FindRoleUsingSortedWebTableElements -->
