<?xml version="1.0" encoding="UTF-8"?>
<!-- Generated by org.testng.reporters.JUnitReportReporter -->
<testsuite hostname="LAPTOP-Q535I993" failures="0" tests="4" name="MavenDemo.DataProvider1" time="0.008" errors="0" timestamp="2023-08-09T13:18:44 IST" skipped="0">
  <testcase classname="MavenDemo.DataProvider1" name="verifyLogin" time="0.006"/>
  <testcase classname="MavenDemo.DataProvider1" name="verifyLogin" time="0.001"/>
  <testcase classname="MavenDemo.DataProvider1" name="verifyLogin" time="0.000"/>
  <testcase classname="MavenDemo.DataProvider1" name="verifyLogin" time="0.001"/>
</testsuite> <!-- MavenDemo.DataProvider1 -->
