<?xml version="1.0" encoding="UTF-8"?>
<!-- Generated by org.testng.reporters.JUnitReportReporter -->
<testsuite hostname="LAPTOP-Q535I993" failures="0" tests="4" name="MavenDemo.TestNg2" time="0.023" errors="0" timestamp="2023-08-08T22:03:42 IST" skipped="2">
  <testcase classname="MavenDemo.TestNg2" name="reg" time="0.016"/>
  <testcase classname="MavenDemo.TestNg2" name="login" time="0.002">
    <skipped/>
  </testcase> <!-- login -->
  <testcase classname="MavenDemo.TestNg2" name="logout" time="0.002">
    <skipped/>
  </testcase> <!-- logout -->
  <testcase classname="MavenDemo.TestNg2" name="timepass" time="0.003"/>
</testsuite> <!-- MavenDemo.TestNg2 -->
