<?xml version="1.0" encoding="UTF-8"?>
<!-- Generated by org.testng.reporters.JUnitReportReporter -->
<testsuite hostname="LAPTOP-Q535I993" failures="0" tests="1" name="MavenDemo.HardAssertions" time="0.016" errors="0" timestamp="2023-08-09T15:25:02 IST" skipped="0">
  <testcase classname="MavenDemo.HardAssertions" name="verifyHardAssrtion" time="0.016"/>
</testsuite> <!-- MavenDemo.HardAssertions -->
