<?xml version="1.0" encoding="UTF-8"?>
<!-- Generated by org.testng.reporters.JUnitReportReporter -->
<testsuite hostname="LAPTOP-Q535I993" failures="0" tests="4" name="MavenDemo.DataProvider3" time="0.014" errors="0" timestamp="2023-08-09T15:06:53 IST" skipped="0">
  <testcase classname="MavenDemo.DataProvider3" name="verifyLogin" time="0.010"/>
  <testcase classname="MavenDemo.DataProvider3" name="verifyLogin" time="0.001"/>
  <testcase classname="MavenDemo.DataProvider3" name="verifyLogin" time="0.002"/>
  <testcase classname="MavenDemo.DataProvider3" name="verifyLogin" time="0.001"/>
</testsuite> <!-- MavenDemo.DataProvider3 -->
