<?xml version="1.0" encoding="UTF-8"?>
<!-- Generated by org.testng.reporters.JUnitReportReporter -->
<testsuite hostname="LAPTOP-Q535I993" failures="0" tests="3" name="MavenDemo.TestNg4" time="0.019" errors="0" timestamp="2023-08-08T22:08:14 IST" skipped="0">
  <testcase classname="MavenDemo.TestNg4" name="reg" time="0.004"/>
  <testcase classname="MavenDemo.TestNg4" name="logout" time="0.003"/>
  <testcase classname="MavenDemo.TestNg4" name="login" time="0.012"/>
</testsuite> <!-- MavenDemo.TestNg4 -->
